<?xml version="1.0" encoding="UTF-8"?>
<!-- Generated by org.testng.reporters.JUnitReportReporter -->
<testsuite hostname="stela" failures="0" tests="3" name="bg.codeacademy.spring.gossiptalks.password.StrongPasswordValidatorTest" time="0.062" errors="0" timestamp="2021-09-29T09:36:31 EEST" skipped="0">
  <testcase classname="bg.codeacademy.spring.gossiptalks.password.StrongPasswordValidatorTest" name="given_valid_password_When_validating_Then_true" time="0.002"/>
  <system-out/>
  <testcase classname="bg.codeacademy.spring.gossiptalks.password.StrongPasswordValidatorTest" name="given_null_When_validate_Then_false" time="0.008"/>
  <system-out/>
  <testcase classname="bg.codeacademy.spring.gossiptalks.password.StrongPasswordValidatorTest" name="given_short_password_When_validating_Then_false" time="0.052"/>
  <system-out/>
</testsuite> <!-- bg.codeacademy.spring.gossiptalks.password.StrongPasswordValidatorTest -->
