<?xml version="1.0" encoding="UTF-8"?>
<!-- Generated by org.testng.reporters.JUnitReportReporter -->
<testsuite hostname="stela" failures="0" tests="3" name="bg.codeacademy.spring.gossiptalks.validation.StrongPasswordValidatorTest" time="0.078" errors="0" timestamp="2021-09-30T09:33:14 EEST" skipped="0">
  <testcase classname="bg.codeacademy.spring.gossiptalks.validation.StrongPasswordValidatorTest" name="given_null_When_validate_Then_false" time="0.008"/>
  <system-out/>
  <testcase classname="bg.codeacademy.spring.gossiptalks.validation.StrongPasswordValidatorTest" name="given_valid_password_When_validating_Then_true" time="0.003"/>
  <system-out/>
  <testcase classname="bg.codeacademy.spring.gossiptalks.validation.StrongPasswordValidatorTest" name="given_short_password_When_validating_Then_false" time="0.067"/>
  <system-out/>
</testsuite> <!-- bg.codeacademy.spring.gossiptalks.validation.StrongPasswordValidatorTest -->
