<?xml version="1.0" encoding="UTF-8"?>
<!-- Generated by org.testng.reporters.JUnitReportReporter -->
<testsuite hostname="stela" failures="0" tests="3" name="bg.codeacademy.spring.gossiptalks.service.GossipServiceImpTest" time="1.362" errors="0" timestamp="2021-09-30T09:33:14 EEST" skipped="0">
  <testcase classname="bg.codeacademy.spring.gossiptalks.service.GossipServiceImpTest" name="getAllSubscriberGossips_Success" time="0.076"/>
  <system-out/>
  <testcase classname="bg.codeacademy.spring.gossiptalks.service.GossipServiceImpTest" name="createGossip_Success" time="1.261"/>
  <system-out/>
  <testcase classname="bg.codeacademy.spring.gossiptalks.service.GossipServiceImpTest" name="getByUser_Success" time="0.025"/>
  <system-out/>
</testsuite> <!-- bg.codeacademy.spring.gossiptalks.service.GossipServiceImpTest -->
