<?xml version="1.0" encoding="UTF-8"?>
<!-- Generated by org.testng.reporters.JUnitReportReporter -->
<testsuite hostname="stela" failures="0" tests="6" name="bg.codeacademy.spring.gossiptalks.controller.GossipControllerTest" time="1.479" errors="0" timestamp="2021-09-30T09:33:14 EEST" skipped="0">
  <testcase classname="bg.codeacademy.spring.gossiptalks.controller.GossipControllerTest" name="readAllGossips_returnContent_IfValid" time="0.230"/>
  <system-out/>
  <testcase classname="bg.codeacademy.spring.gossiptalks.controller.GossipControllerTest" name="createGossip_returnError_IfGossipIsBlank" time="0.225"/>
  <system-out/>
  <testcase classname="bg.codeacademy.spring.gossiptalks.controller.GossipControllerTest" name="getUserGossips_returnGossips_IfValidUsername" time="0.315"/>
  <system-out/>
  <testcase classname="bg.codeacademy.spring.gossiptalks.controller.GossipControllerTest" name="getUserGossips_returnErrorNotFound_IfInvalidUsername" time="0.244"/>
  <system-out/>
  <testcase classname="bg.codeacademy.spring.gossiptalks.controller.GossipControllerTest" name="createGossip_returnCreatedWithHtmlEscaped_IfGossipIsValid" time="0.227"/>
  <system-out/>
  <testcase classname="bg.codeacademy.spring.gossiptalks.controller.GossipControllerTest" name="readAllGossips_returnEmpty_IfFollowNoOne" time="0.238"/>
  <system-out/>
</testsuite> <!-- bg.codeacademy.spring.gossiptalks.controller.GossipControllerTest -->
