<?xml version="1.0" encoding="UTF-8"?>
<!-- Generated by org.testng.reporters.JUnitReportReporter -->
<testsuite hostname="stela" failures="0" tests="9" name="bg.codeacademy.spring.gossiptalks.service.UserServiceImpTest" time="0.639" errors="0" timestamp="2021-09-30T09:33:14 EEST" skipped="0">
  <testcase classname="bg.codeacademy.spring.gossiptalks.service.UserServiceImpTest" name="changePassword_Failure_PasswordsAreNull" time="0.011"/>
  <system-out/>
  <testcase classname="bg.codeacademy.spring.gossiptalks.service.UserServiceImpTest" name="listUsers_ReturnFollowing_IfFisTrue" time="0.011"/>
  <system-out/>
  <testcase classname="bg.codeacademy.spring.gossiptalks.service.UserServiceImpTest" name="listUsers_ReturnAll_IfNoParams" time="0.430"/>
  <system-out/>
  <testcase classname="bg.codeacademy.spring.gossiptalks.service.UserServiceImpTest" name="registerAccount_Failure_PasswordsDoNotMatch" time="0.007"/>
  <system-out/>
  <testcase classname="bg.codeacademy.spring.gossiptalks.service.UserServiceImpTest" name="listUsers_ReturnFollowing_IfFisTrueAndNameNotNull" time="0.008"/>
  <system-out/>
  <testcase classname="bg.codeacademy.spring.gossiptalks.service.UserServiceImpTest" name="registerAccount_Failure_EmailExists" time="0.008"/>
  <system-out/>
  <testcase classname="bg.codeacademy.spring.gossiptalks.service.UserServiceImpTest" name="changePassword_Failure_NewPasswordsDoNotMatch" time="0.023"/>
  <system-out/>
  <testcase classname="bg.codeacademy.spring.gossiptalks.service.UserServiceImpTest" name="registerAccount_Success" time="0.134"/>
  <system-out/>
  <testcase classname="bg.codeacademy.spring.gossiptalks.service.UserServiceImpTest" name="listUsers_ReturnAll_IfNameNotNull" time="0.007"/>
  <system-out/>
</testsuite> <!-- bg.codeacademy.spring.gossiptalks.service.UserServiceImpTest -->
