<?xml version="1.0" encoding="UTF-8"?>
<!-- Generated by org.testng.reporters.JUnitReportReporter -->
<testsuite hostname="stela" failures="0" tests="15" name="bg.codeacademy.spring.gossiptalks.controller.UserControllerTest" time="1.614" errors="0" timestamp="2021-09-30T09:33:14 EEST" skipped="0">
  <testcase classname="bg.codeacademy.spring.gossiptalks.controller.UserControllerTest" name="listUserNameSearch_returnOk_ifUserIsLoggedIn" time="0.100"/>
  <system-out/>
  <testcase classname="bg.codeacademy.spring.gossiptalks.controller.UserControllerTest" name="listUsers_returnOk_ifUserIsLoggedIn" time="0.052"/>
  <system-out/>
  <testcase classname="bg.codeacademy.spring.gossiptalks.controller.UserControllerTest" name="getCurrentUser_returnUser_ifIsAuthenticated" time="0.033"/>
  <system-out/>
  <testcase classname="bg.codeacademy.spring.gossiptalks.controller.UserControllerTest" name="registerUser_returnPasswordDoesntMatch_ifPasswordDoesntMatch" time="0.032"/>
  <system-out/>
  <testcase classname="bg.codeacademy.spring.gossiptalks.controller.UserControllerTest" name="followUser_returnSame_ifFTrueAndIsAlreadySubscribed" time="0.426"/>
  <system-out/>
  <testcase classname="bg.codeacademy.spring.gossiptalks.controller.UserControllerTest" name="listUserFollowing_returnOk_ifUserIsLoggedIn" time="0.104"/>
  <system-out/>
  <testcase classname="bg.codeacademy.spring.gossiptalks.controller.UserControllerTest" name="followUser_returnFollowingFalse_ifFFalse" time="0.132"/>
  <system-out/>
  <testcase classname="bg.codeacademy.spring.gossiptalks.controller.UserControllerTest" name="registerUser_returnBadRequest_ifAreNotValidUserFields" time="0.112"/>
  <system-out/>
  <testcase classname="bg.codeacademy.spring.gossiptalks.controller.UserControllerTest" name="getCurrentUser_returnError_ifIsUnauthorized" time="0.040"/>
  <system-out/>
  <testcase classname="bg.codeacademy.spring.gossiptalks.controller.UserControllerTest" name="registerUser_returnCreated_ifIsAnonymous" time="0.163"/>
  <system-out/>
  <testcase classname="bg.codeacademy.spring.gossiptalks.controller.UserControllerTest" name="listUserNameSearchFollowing_returnOk_ifUserIsLoggedIn" time="0.040"/>
  <system-out/>
  <testcase classname="bg.codeacademy.spring.gossiptalks.controller.UserControllerTest" name="listUsers_returnUnauthorized_ifNoLoggedUser" time="0.037"/>
  <system-out/>
  <testcase classname="bg.codeacademy.spring.gossiptalks.controller.UserControllerTest" name="followUser_returnSuccess_ifFTrue" time="0.058"/>
  <system-out/>
  <testcase classname="bg.codeacademy.spring.gossiptalks.controller.UserControllerTest" name="registerUser_returnFailed_ifIsAlreadyRegistered" time="0.038"/>
  <system-out/>
  <testcase classname="bg.codeacademy.spring.gossiptalks.controller.UserControllerTest" name="followUser_returnError_ifFTrueAndUserIsCurrent" time="0.247"/>
  <system-out/>
</testsuite> <!-- bg.codeacademy.spring.gossiptalks.controller.UserControllerTest -->
